<?xml version="1.0" encoding="UTF-8"?>
<!-- Generated by org.testng.reporters.JUnitReportReporter -->
<testsuite skipped="0" hostname="DESKTOP-B7NMNCH" name="com.aptence.qa.testcases.LoginPageTest" tests="2" failures="0" timestamp="2020-04-26T17:19:19 IST" time="24.137" errors="0">
  <testcase name="loginPageTitleTest" time="11.641" classname="com.aptence.qa.testcases.LoginPageTest"/>
  <system-out/>
  <testcase name="loginTest" time="12.496" classname="com.aptence.qa.testcases.LoginPageTest"/>
  <system-out/>
</testsuite> <!-- com.aptence.qa.testcases.LoginPageTest -->
