<?xml version="1.0" encoding="UTF-8"?>
<!-- Generated by org.testng.reporters.JUnitReportReporter -->
<testsuite skipped="0" hostname="DESKTOP-DLI8F63" name="com.aptence.qa.testcases.LeaderboardPageTest" tests="1" failures="0" timestamp="2020-05-13T15:03:22 IST" time="13.972" errors="0">
  <testcase name="verifyUserRankTest" time="13.972" classname="com.aptence.qa.testcases.LeaderboardPageTest"/>
  <system-out/>
</testsuite> <!-- com.aptence.qa.testcases.LeaderboardPageTest -->
