<?xml version="1.0" encoding="UTF-8"?>
<!-- Generated by org.testng.reporters.JUnitReportReporter -->
<testsuite skipped="0" hostname="DESKTOP-B7NMNCH" name="com.aptence.qa.testcases.HomePageTest" tests="6" failures="0" timestamp="2020-04-26T19:07:27 IST" time="61.210" errors="0">
  <testcase name="verifyHomePageOpened" time="10.678" classname="com.aptence.qa.testcases.HomePageTest"/>
  <system-out/>
  <testcase name="verifyHomePageTitleTest" time="9.893" classname="com.aptence.qa.testcases.HomePageTest"/>
  <system-out/>
  <testcase name="verifyProfileNameTest" time="9.917" classname="com.aptence.qa.testcases.HomePageTest"/>
  <system-out/>
  <testcase name="verifyContactUsLinkTest" time="10.486" classname="com.aptence.qa.testcases.HomePageTest"/>
  <system-out/>
  <testcase name="verifyProfilePageLinkTest" time="10.201" classname="com.aptence.qa.testcases.HomePageTest"/>
  <system-out/>
  <testcase name="verifyStorePageTest" time="10.035" classname="com.aptence.qa.testcases.HomePageTest"/>
  <system-out/>
</testsuite> <!-- com.aptence.qa.testcases.HomePageTest -->
