<?xml version="1.0" encoding="UTF-8"?>
<!-- Generated by org.testng.reporters.JUnitReportReporter -->
<testsuite skipped="0" hostname="DESKTOP-B7NMNCH" name="com.aptence.qa.testcases.LeaderboardPageTest" tests="1" failures="0" timestamp="2020-05-03T17:04:42 IST" time="14.155" errors="0">
  <testcase name="verifyWeeklyTopperTest" time="14.155" classname="com.aptence.qa.testcases.LeaderboardPageTest"/>
  <system-out/>
</testsuite> <!-- com.aptence.qa.testcases.LeaderboardPageTest -->
